  stdafx.cpp
C:\MyGithub\School\3DHW\3DGAME_DX12\2018180035JJM_DX12\2018180035JJM_DX12\stdafx.h(31,10): warning C4067: 전처리기 지시문 다음에 예기치 않은 토큰이 있습니다. 줄 바꿈 문자가 필요합니다.
  2018180035JJM_DX12.cpp
C:\MyGithub\School\3DHW\3DGAME_DX12\2018180035JJM_DX12\2018180035JJM_DX12\stdafx.h(31,10): warning C4067: 전처리기 지시문 다음에 예기치 않은 토큰이 있습니다. 줄 바꿈 문자가 필요합니다.
  CCommandQueue.cpp
C:\MyGithub\School\3DHW\3DGAME_DX12\2018180035JJM_DX12\2018180035JJM_DX12\stdafx.h(31,10): warning C4067: 전처리기 지시문 다음에 예기치 않은 토큰이 있습니다. 줄 바꿈 문자가 필요합니다.
C:\MyGithub\School\3DHW\3DGAME_DX12\2018180035JJM_DX12\2018180035JJM_DX12\CCommandQueue.cpp(52,10): error C2374: 'hResult': 재정의. 여러 번 초기화했습니다.
C:\MyGithub\School\3DHW\3DGAME_DX12\2018180035JJM_DX12\2018180035JJM_DX12\CCommandQueue.cpp(31): message : 'hResult' 선언을 참조하십시오.
C:\MyGithub\School\3DHW\3DGAME_DX12\2018180035JJM_DX12\2018180035JJM_DX12\CCommandQueue.cpp(90): error C2102: '&'에 l-value가 있어야 합니다.
C:\MyGithub\School\3DHW\3DGAME_DX12\2018180035JJM_DX12\2018180035JJM_DX12\CCommandQueue.cpp(91): error C2102: '&'에 l-value가 있어야 합니다.
C:\MyGithub\School\3DHW\3DGAME_DX12\2018180035JJM_DX12\2018180035JJM_DX12\CCommandQueue.cpp(93,58): error C2065: 'm_pd3dRtvDescriptorHeap': 선언되지 않은 식별자입니다.
C:\MyGithub\School\3DHW\3DGAME_DX12\2018180035JJM_DX12\2018180035JJM_DX12\CCommandQueue.cpp(94,36): error C2065: 'm_nSwapChainBufferIndex': 선언되지 않은 식별자입니다.
C:\MyGithub\School\3DHW\3DGAME_DX12\2018180035JJM_DX12\2018180035JJM_DX12\CCommandQueue.cpp(94,62): error C2065: 'm_nRtvDescriptorIncrementSize': 선언되지 않은 식별자입니다.
C:\MyGithub\School\3DHW\3DGAME_DX12\2018180035JJM_DX12\2018180035JJM_DX12\CCommandQueue.cpp(103,58): error C2065: 'm_pd3dDsvDescriptorHeap': 선언되지 않은 식별자입니다.
  CDevice.cpp
C:\MyGithub\School\3DHW\3DGAME_DX12\2018180035JJM_DX12\2018180035JJM_DX12\stdafx.h(31,10): warning C4067: 전처리기 지시문 다음에 예기치 않은 토큰이 있습니다. 줄 바꿈 문자가 필요합니다.
  CGameFramework.cpp
C:\MyGithub\School\3DHW\3DGAME_DX12\2018180035JJM_DX12\2018180035JJM_DX12\stdafx.h(31,10): warning C4067: 전처리기 지시문 다음에 예기치 않은 토큰이 있습니다. 줄 바꿈 문자가 필요합니다.
C:\MyGithub\School\3DHW\3DGAME_DX12\2018180035JJM_DX12\2018180035JJM_DX12\CGameFramework.cpp(69,22): error C2039: 'CreateSwapChain': 'CGameFramework'의 멤버가 아닙니다.
C:\MyGithub\School\3DHW\3DGAME_DX12\2018180035JJM_DX12\2018180035JJM_DX12\CGameFramework.h(11): message : 'CGameFramework' 선언을 참조하십시오.
C:\MyGithub\School\3DHW\3DGAME_DX12\2018180035JJM_DX12\2018180035JJM_DX12\CGameFramework.cpp(73,22): error C2039: 'CreateRtvAndDsvDescriptorHeaps': 'CGameFramework'의 멤버가 아닙니다.
C:\MyGithub\School\3DHW\3DGAME_DX12\2018180035JJM_DX12\2018180035JJM_DX12\CGameFramework.h(11): message : 'CGameFramework' 선언을 참조하십시오.
C:\MyGithub\School\3DHW\3DGAME_DX12\2018180035JJM_DX12\2018180035JJM_DX12\CGameFramework.cpp(77,22): error C2039: 'CreateDirect3DDevice': 'CGameFramework'의 멤버가 아닙니다.
C:\MyGithub\School\3DHW\3DGAME_DX12\2018180035JJM_DX12\2018180035JJM_DX12\CGameFramework.h(11): message : 'CGameFramework' 선언을 참조하십시오.
C:\MyGithub\School\3DHW\3DGAME_DX12\2018180035JJM_DX12\2018180035JJM_DX12\CGameFramework.cpp(81,22): error C2039: 'CreateCommandQueueAndList': 'CGameFramework'의 멤버가 아닙니다.
C:\MyGithub\School\3DHW\3DGAME_DX12\2018180035JJM_DX12\2018180035JJM_DX12\CGameFramework.h(11): message : 'CGameFramework' 선언을 참조하십시오.
C:\MyGithub\School\3DHW\3DGAME_DX12\2018180035JJM_DX12\2018180035JJM_DX12\CGameFramework.cpp(85,22): error C2039: 'CreateRenderTargetViews': 'CGameFramework'의 멤버가 아닙니다.
C:\MyGithub\School\3DHW\3DGAME_DX12\2018180035JJM_DX12\2018180035JJM_DX12\CGameFramework.h(11): message : 'CGameFramework' 선언을 참조하십시오.
C:\MyGithub\School\3DHW\3DGAME_DX12\2018180035JJM_DX12\2018180035JJM_DX12\CGameFramework.cpp(89,22): error C2039: 'CreateDepthStencilView': 'CGameFramework'의 멤버가 아닙니다.
C:\MyGithub\School\3DHW\3DGAME_DX12\2018180035JJM_DX12\2018180035JJM_DX12\CGameFramework.h(11): message : 'CGameFramework' 선언을 참조하십시오.
  CRootSignature.cpp
C:\MyGithub\School\3DHW\3DGAME_DX12\2018180035JJM_DX12\2018180035JJM_DX12\stdafx.h(31,10): warning C4067: 전처리기 지시문 다음에 예기치 않은 토큰이 있습니다. 줄 바꿈 문자가 필요합니다.
  CShader.cpp
C:\MyGithub\School\3DHW\3DGAME_DX12\2018180035JJM_DX12\2018180035JJM_DX12\stdafx.h(31,10): warning C4067: 전처리기 지시문 다음에 예기치 않은 토큰이 있습니다. 줄 바꿈 문자가 필요합니다.
  CSwapChain.cpp
C:\MyGithub\School\3DHW\3DGAME_DX12\2018180035JJM_DX12\2018180035JJM_DX12\stdafx.h(31,10): warning C4067: 전처리기 지시문 다음에 예기치 않은 토큰이 있습니다. 줄 바꿈 문자가 필요합니다.
  코드를 생성하고 있습니다...
